Removed Pin From Net: NetName=GND Pin=Q1-1
Removed Pin From Net: NetName=GND Pin=Q2-1
Removed Pin From Net: NetName=GND Pin=Q3-1
Removed Pin From Net: NetName=GND Pin=Q4-1
Removed Pin From Net: NetName=GND Pin=Q5-1
Removed Pin From Net: NetName=GND Pin=Q6-1
Removed Pin From Net: NetName=GND Pin=Q7-1
Removed Pin From Net: NetName=GND Pin=Q8-1
Removed Member From Class: ClassName=ledcube8x8x8 Member=TP1
Removed Member From Class: ClassName=ledcube8x8x8 Member=TP2
Removed Member From Class: ClassName=ledcube8x8x8 Member=TP3
Removed Member From Class: ClassName=ledcube8x8x8 Member=TP4
Removed Member From Class: ClassName=ledcube8x8x8 Member=TP5
Removed Member From Class: ClassName=ledcube8x8x8 Member=TP6
Removed Member From Class: ClassName=ledcube8x8x8 Member=TP7
Removed Member From Class: ClassName=ledcube8x8x8 Member=TP8
Removed Member From Class: ClassName=ledcube8x8x8 Member=TP9
Removed Member From Class: ClassName=ledcube8x8x8 Member=TP10
Removed Member From Class: ClassName=ledcube8x8x8 Member=TP11
Removed Member From Class: ClassName=ledcube8x8x8 Member=TP12
Removed Member From Class: ClassName=ledcube8x8x8 Member=TP13
Removed Member From Class: ClassName=ledcube8x8x8 Member=TP14
Removed Member From Class: ClassName=ledcube8x8x8 Member=TP15
Removed Member From Class: ClassName=ledcube8x8x8 Member=TP16
Removed Member From Class: ClassName=ledcube8x8x8 Member=TP17
Removed Member From Class: ClassName=ledcube8x8x8 Member=TP18
Removed Member From Class: ClassName=ledcube8x8x8 Member=TP19
Removed Member From Class: ClassName=ledcube8x8x8 Member=TP20
Removed Member From Class: ClassName=ledcube8x8x8 Member=TP21
Removed Member From Class: ClassName=ledcube8x8x8 Member=TP22
Removed Member From Class: ClassName=ledcube8x8x8 Member=TP23
Removed Member From Class: ClassName=ledcube8x8x8 Member=TP24
Removed Member From Class: ClassName=ledcube8x8x8 Member=TP25
Removed Member From Class: ClassName=ledcube8x8x8 Member=TP26
Removed Member From Class: ClassName=ledcube8x8x8 Member=TP27
Removed Member From Class: ClassName=ledcube8x8x8 Member=TP28
Removed Member From Class: ClassName=ledcube8x8x8 Member=TP29
Removed Member From Class: ClassName=ledcube8x8x8 Member=TP30
Removed Member From Class: ClassName=ledcube8x8x8 Member=TP31
Removed Member From Class: ClassName=ledcube8x8x8 Member=TP32
Removed Member From Class: ClassName=ledcube8x8x8 Member=TP33
Removed Member From Class: ClassName=ledcube8x8x8 Member=TP34
Removed Member From Class: ClassName=ledcube8x8x8 Member=TP35
Removed Member From Class: ClassName=ledcube8x8x8 Member=TP36
Removed Member From Class: ClassName=ledcube8x8x8 Member=TP37
Removed Member From Class: ClassName=ledcube8x8x8 Member=TP38
Removed Member From Class: ClassName=ledcube8x8x8 Member=TP39
Removed Member From Class: ClassName=ledcube8x8x8 Member=TP40
Removed Member From Class: ClassName=ledcube8x8x8 Member=TP41
Removed Member From Class: ClassName=ledcube8x8x8 Member=TP42
Removed Member From Class: ClassName=ledcube8x8x8 Member=TP43
Removed Member From Class: ClassName=ledcube8x8x8 Member=TP44
Removed Member From Class: ClassName=ledcube8x8x8 Member=TP45
Removed Member From Class: ClassName=ledcube8x8x8 Member=TP46
Removed Member From Class: ClassName=ledcube8x8x8 Member=TP47
Removed Member From Class: ClassName=ledcube8x8x8 Member=TP48
Removed Member From Class: ClassName=ledcube8x8x8 Member=TP49
Removed Member From Class: ClassName=ledcube8x8x8 Member=TP50
Removed Member From Class: ClassName=ledcube8x8x8 Member=TP51
Removed Member From Class: ClassName=ledcube8x8x8 Member=TP52
Removed Member From Class: ClassName=ledcube8x8x8 Member=TP53
Removed Member From Class: ClassName=ledcube8x8x8 Member=TP54
Removed Member From Class: ClassName=ledcube8x8x8 Member=TP55
Removed Member From Class: ClassName=ledcube8x8x8 Member=TP56
Removed Member From Class: ClassName=ledcube8x8x8 Member=TP57
Removed Member From Class: ClassName=ledcube8x8x8 Member=TP58
Removed Member From Class: ClassName=ledcube8x8x8 Member=TP59
Removed Member From Class: ClassName=ledcube8x8x8 Member=TP60
Removed Member From Class: ClassName=ledcube8x8x8 Member=TP61
Removed Member From Class: ClassName=ledcube8x8x8 Member=TP62
Removed Member From Class: ClassName=ledcube8x8x8 Member=TP63
Removed Member From Class: ClassName=ledcube8x8x8 Member=TP64
Removed Member From Class: ClassName=ledcube8x8x8 Member=TP65
Removed Member From Class: ClassName=ledcube8x8x8 Member=TP66
Removed Member From Class: ClassName=ledcube8x8x8 Member=TP67
Removed Member From Class: ClassName=ledcube8x8x8 Member=TP68
Removed Member From Class: ClassName=ledcube8x8x8 Member=TP69
Removed Member From Class: ClassName=ledcube8x8x8 Member=TP70
Removed Member From Class: ClassName=ledcube8x8x8 Member=TP71
Removed Member From Class: ClassName=ledcube8x8x8 Member=TP72
Change Component Designator: OldDesignator=P1 NewDesignator=P10
Added Component: Designator=P1(JP8H)
Add component. Clean all parameters for all variants
Add component (AddParameter): Name = "LatestRevisionDate"; Value = "17-Jul-2002"; VariantName = "[No Variations]"
Add component (AddParameter): Name = "LatestRevisionNote"; Value = "Re-released for DXP Platform."; VariantName = "[No Variations]"
Add component (AddParameter): Name = "Publisher"; Value = "Altium Limited"; VariantName = "[No Variations]"
Added Component: Designator=P2(JP8H)
Add component. Clean all parameters for all variants
Add component (AddParameter): Name = "LatestRevisionDate"; Value = "17-Jul-2002"; VariantName = "[No Variations]"
Add component (AddParameter): Name = "LatestRevisionNote"; Value = "Re-released for DXP Platform."; VariantName = "[No Variations]"
Add component (AddParameter): Name = "Publisher"; Value = "Altium Limited"; VariantName = "[No Variations]"
Added Component: Designator=P3(JP8H)
Add component. Clean all parameters for all variants
Add component (AddParameter): Name = "LatestRevisionDate"; Value = "17-Jul-2002"; VariantName = "[No Variations]"
Add component (AddParameter): Name = "LatestRevisionNote"; Value = "Re-released for DXP Platform."; VariantName = "[No Variations]"
Add component (AddParameter): Name = "Publisher"; Value = "Altium Limited"; VariantName = "[No Variations]"
Added Component: Designator=P4(JP8H)
Add component. Clean all parameters for all variants
Add component (AddParameter): Name = "LatestRevisionDate"; Value = "17-Jul-2002"; VariantName = "[No Variations]"
Add component (AddParameter): Name = "LatestRevisionNote"; Value = "Re-released for DXP Platform."; VariantName = "[No Variations]"
Add component (AddParameter): Name = "Publisher"; Value = "Altium Limited"; VariantName = "[No Variations]"
Added Component: Designator=P5(JP8H)
Add component. Clean all parameters for all variants
Add component (AddParameter): Name = "LatestRevisionDate"; Value = "17-Jul-2002"; VariantName = "[No Variations]"
Add component (AddParameter): Name = "LatestRevisionNote"; Value = "Re-released for DXP Platform."; VariantName = "[No Variations]"
Add component (AddParameter): Name = "Publisher"; Value = "Altium Limited"; VariantName = "[No Variations]"
Added Component: Designator=P6(JP8H)
Add component. Clean all parameters for all variants
Add component (AddParameter): Name = "LatestRevisionDate"; Value = "17-Jul-2002"; VariantName = "[No Variations]"
Add component (AddParameter): Name = "LatestRevisionNote"; Value = "Re-released for DXP Platform."; VariantName = "[No Variations]"
Add component (AddParameter): Name = "Publisher"; Value = "Altium Limited"; VariantName = "[No Variations]"
Added Component: Designator=P7(JP8H)
Add component. Clean all parameters for all variants
Add component (AddParameter): Name = "LatestRevisionDate"; Value = "17-Jul-2002"; VariantName = "[No Variations]"
Add component (AddParameter): Name = "LatestRevisionNote"; Value = "Re-released for DXP Platform."; VariantName = "[No Variations]"
Add component (AddParameter): Name = "Publisher"; Value = "Altium Limited"; VariantName = "[No Variations]"
Added Component: Designator=P8(JP8H)
Add component. Clean all parameters for all variants
Add component (AddParameter): Name = "LatestRevisionDate"; Value = "17-Jul-2002"; VariantName = "[No Variations]"
Add component (AddParameter): Name = "LatestRevisionNote"; Value = "Re-released for DXP Platform."; VariantName = "[No Variations]"
Add component (AddParameter): Name = "Publisher"; Value = "Altium Limited"; VariantName = "[No Variations]"
Added Component: Designator=P9(JP8H)
Add component. Clean all parameters for all variants
Add component (AddParameter): Name = "LatestRevisionDate"; Value = "17-Jul-2002"; VariantName = "[No Variations]"
Add component (AddParameter): Name = "LatestRevisionNote"; Value = "Re-released for DXP Platform."; VariantName = "[No Variations]"
Add component (AddParameter): Name = "Publisher"; Value = "Altium Limited"; VariantName = "[No Variations]"
Change Net Name : Old Net Name=NetP1_1 New Net Name=NetP10_1
Change Net Name : Old Net Name=NetP1_2 New Net Name=NetP10_2
Added Pin To Net: NetName=NetP1_1 Pin=P1-1
Added Pin To Net: NetName=NetP1_1 Pin=R2-1
Added Net: Name=NetP1_1
Added Pin To Net: NetName=NetP1_2 Pin=P1-2
Added Pin To Net: NetName=NetP1_2 Pin=R5-1
Added Net: Name=NetP1_2
Added Pin To Net: NetName=NetP1_3 Pin=P1-3
Added Pin To Net: NetName=NetP1_3 Pin=R8-1
Added Net: Name=NetP1_3
Added Pin To Net: NetName=NetP1_4 Pin=P1-4
Added Pin To Net: NetName=NetP1_4 Pin=R11-1
Added Net: Name=NetP1_4
Added Pin To Net: NetName=NetP1_5 Pin=P1-5
Added Pin To Net: NetName=NetP1_5 Pin=R14-1
Added Net: Name=NetP1_5
Added Pin To Net: NetName=NetP1_6 Pin=P1-6
Added Pin To Net: NetName=NetP1_6 Pin=R17-1
Added Net: Name=NetP1_6
Added Pin To Net: NetName=NetP1_7 Pin=P1-7
Added Pin To Net: NetName=NetP1_7 Pin=R20-1
Added Net: Name=NetP1_7
Added Pin To Net: NetName=NetP1_8 Pin=P1-8
Added Pin To Net: NetName=NetP1_8 Pin=R23-1
Added Net: Name=NetP1_8
Added Pin To Net: NetName=NetP2_1 Pin=P2-1
Added Pin To Net: NetName=NetP2_1 Pin=R3-1
Added Net: Name=NetP2_1
Added Pin To Net: NetName=NetP2_2 Pin=P2-2
Added Pin To Net: NetName=NetP2_2 Pin=R6-1
Added Net: Name=NetP2_2
Added Pin To Net: NetName=NetP2_3 Pin=P2-3
Added Pin To Net: NetName=NetP2_3 Pin=R9-1
Added Net: Name=NetP2_3
Added Pin To Net: NetName=NetP2_4 Pin=P2-4
Added Pin To Net: NetName=NetP2_4 Pin=R12-1
Added Net: Name=NetP2_4
Added Pin To Net: NetName=NetP2_5 Pin=P2-5
Added Pin To Net: NetName=NetP2_5 Pin=R15-1
Added Net: Name=NetP2_5
Added Pin To Net: NetName=NetP2_6 Pin=P2-6
Added Pin To Net: NetName=NetP2_6 Pin=R18-1
Added Net: Name=NetP2_6
Added Pin To Net: NetName=NetP2_7 Pin=P2-7
Added Pin To Net: NetName=NetP2_7 Pin=R21-1
Added Net: Name=NetP2_7
Added Pin To Net: NetName=NetP2_8 Pin=P2-8
Added Pin To Net: NetName=NetP2_8 Pin=R24-1
Added Net: Name=NetP2_8
Added Pin To Net: NetName=NetP3_1 Pin=P3-1
Added Pin To Net: NetName=NetP3_1 Pin=R25-1
Added Net: Name=NetP3_1
Added Pin To Net: NetName=NetP3_2 Pin=P3-2
Added Pin To Net: NetName=NetP3_2 Pin=R28-1
Added Net: Name=NetP3_2
Added Pin To Net: NetName=NetP3_3 Pin=P3-3
Added Pin To Net: NetName=NetP3_3 Pin=R31-1
Added Net: Name=NetP3_3
Added Pin To Net: NetName=NetP3_4 Pin=P3-4
Added Pin To Net: NetName=NetP3_4 Pin=R34-1
Added Net: Name=NetP3_4
Added Pin To Net: NetName=NetP3_5 Pin=P3-5
Added Pin To Net: NetName=NetP3_5 Pin=R37-1
Added Net: Name=NetP3_5
Added Pin To Net: NetName=NetP3_6 Pin=P3-6
Added Pin To Net: NetName=NetP3_6 Pin=R40-1
Added Net: Name=NetP3_6
Added Pin To Net: NetName=NetP3_7 Pin=P3-7
Added Pin To Net: NetName=NetP3_7 Pin=R43-1
Added Net: Name=NetP3_7
Added Pin To Net: NetName=NetP3_8 Pin=P3-8
Added Pin To Net: NetName=NetP3_8 Pin=R46-1
Added Net: Name=NetP3_8
Added Pin To Net: NetName=NetP4_1 Pin=P4-1
Added Pin To Net: NetName=NetP4_1 Pin=R26-1
Added Net: Name=NetP4_1
Added Pin To Net: NetName=NetP4_2 Pin=P4-2
Added Pin To Net: NetName=NetP4_2 Pin=R29-1
Added Net: Name=NetP4_2
Added Pin To Net: NetName=NetP4_3 Pin=P4-3
Added Pin To Net: NetName=NetP4_3 Pin=R32-1
Added Net: Name=NetP4_3
Added Pin To Net: NetName=NetP4_4 Pin=P4-4
Added Pin To Net: NetName=NetP4_4 Pin=R35-1
Added Net: Name=NetP4_4
Added Pin To Net: NetName=NetP4_5 Pin=P4-5
Added Pin To Net: NetName=NetP4_5 Pin=R38-1
Added Net: Name=NetP4_5
Added Pin To Net: NetName=NetP4_6 Pin=P4-6
Added Pin To Net: NetName=NetP4_6 Pin=R41-1
Added Net: Name=NetP4_6
Added Pin To Net: NetName=NetP4_7 Pin=P4-7
Added Pin To Net: NetName=NetP4_7 Pin=R44-1
Added Net: Name=NetP4_7
Added Pin To Net: NetName=NetP4_8 Pin=P4-8
Added Pin To Net: NetName=NetP4_8 Pin=R47-1
Added Net: Name=NetP4_8
Added Pin To Net: NetName=NetP5_1 Pin=P5-1
Added Pin To Net: NetName=NetP5_1 Pin=R27-1
Added Net: Name=NetP5_1
Added Pin To Net: NetName=NetP5_2 Pin=P5-2
Added Pin To Net: NetName=NetP5_2 Pin=R30-1
Added Net: Name=NetP5_2
Added Pin To Net: NetName=NetP5_3 Pin=P5-3
Added Pin To Net: NetName=NetP5_3 Pin=R33-1
Added Net: Name=NetP5_3
Added Pin To Net: NetName=NetP5_4 Pin=P5-4
Added Pin To Net: NetName=NetP5_4 Pin=R36-1
Added Net: Name=NetP5_4
Added Pin To Net: NetName=NetP5_5 Pin=P5-5
Added Pin To Net: NetName=NetP5_5 Pin=R39-1
Added Net: Name=NetP5_5
Added Pin To Net: NetName=NetP5_6 Pin=P5-6
Added Pin To Net: NetName=NetP5_6 Pin=R42-1
Added Net: Name=NetP5_6
Added Pin To Net: NetName=NetP5_7 Pin=P5-7
Added Pin To Net: NetName=NetP5_7 Pin=R45-1
Added Net: Name=NetP5_7
Added Pin To Net: NetName=NetP5_8 Pin=P5-8
Added Pin To Net: NetName=NetP5_8 Pin=R48-1
Added Net: Name=NetP5_8
Added Pin To Net: NetName=NetP6_1 Pin=P6-1
Added Pin To Net: NetName=NetP6_1 Pin=R49-1
Added Net: Name=NetP6_1
Added Pin To Net: NetName=NetP6_2 Pin=P6-2
Added Pin To Net: NetName=NetP6_2 Pin=R52-1
Added Net: Name=NetP6_2
Added Pin To Net: NetName=NetP6_3 Pin=P6-3
Added Pin To Net: NetName=NetP6_3 Pin=R55-1
Added Net: Name=NetP6_3
Added Pin To Net: NetName=NetP6_4 Pin=P6-4
Added Pin To Net: NetName=NetP6_4 Pin=R58-1
Added Net: Name=NetP6_4
Added Pin To Net: NetName=NetP6_5 Pin=P6-5
Added Pin To Net: NetName=NetP6_5 Pin=R61-1
Added Net: Name=NetP6_5
Added Pin To Net: NetName=NetP6_6 Pin=P6-6
Added Pin To Net: NetName=NetP6_6 Pin=R64-1
Added Net: Name=NetP6_6
Added Pin To Net: NetName=NetP6_7 Pin=P6-7
Added Pin To Net: NetName=NetP6_7 Pin=R67-1
Added Net: Name=NetP6_7
Added Pin To Net: NetName=NetP6_8 Pin=P6-8
Added Pin To Net: NetName=NetP6_8 Pin=R70-1
Added Net: Name=NetP6_8
Added Pin To Net: NetName=NetP7_1 Pin=P7-1
Added Pin To Net: NetName=NetP7_1 Pin=R50-1
Added Net: Name=NetP7_1
Added Pin To Net: NetName=NetP7_2 Pin=P7-2
Added Pin To Net: NetName=NetP7_2 Pin=R53-1
Added Net: Name=NetP7_2
Added Pin To Net: NetName=NetP7_3 Pin=P7-3
Added Pin To Net: NetName=NetP7_3 Pin=R56-1
Added Net: Name=NetP7_3
Added Pin To Net: NetName=NetP7_4 Pin=P7-4
Added Pin To Net: NetName=NetP7_4 Pin=R59-1
Added Net: Name=NetP7_4
Added Pin To Net: NetName=NetP7_5 Pin=P7-5
Added Pin To Net: NetName=NetP7_5 Pin=R62-1
Added Net: Name=NetP7_5
Added Pin To Net: NetName=NetP7_6 Pin=P7-6
Added Pin To Net: NetName=NetP7_6 Pin=R65-1
Added Net: Name=NetP7_6
Added Pin To Net: NetName=NetP7_7 Pin=P7-7
Added Pin To Net: NetName=NetP7_7 Pin=R68-1
Added Net: Name=NetP7_7
Added Pin To Net: NetName=NetP7_8 Pin=P7-8
Added Pin To Net: NetName=NetP7_8 Pin=R71-1
Added Net: Name=NetP7_8
Added Pin To Net: NetName=NetP8_1 Pin=P8-1
Added Pin To Net: NetName=NetP8_1 Pin=R51-1
Added Net: Name=NetP8_1
Added Pin To Net: NetName=NetP8_2 Pin=P8-2
Added Pin To Net: NetName=NetP8_2 Pin=R54-1
Added Net: Name=NetP8_2
Added Pin To Net: NetName=NetP8_3 Pin=P8-3
Added Pin To Net: NetName=NetP8_3 Pin=R57-1
Added Net: Name=NetP8_3
Added Pin To Net: NetName=NetP8_4 Pin=P8-4
Added Pin To Net: NetName=NetP8_4 Pin=R60-1
Added Net: Name=NetP8_4
Added Pin To Net: NetName=NetP8_5 Pin=P8-5
Added Pin To Net: NetName=NetP8_5 Pin=R63-1
Added Net: Name=NetP8_5
Added Pin To Net: NetName=NetP8_6 Pin=P8-6
Added Pin To Net: NetName=NetP8_6 Pin=R66-1
Added Net: Name=NetP8_6
Added Pin To Net: NetName=NetP8_7 Pin=P8-7
Added Pin To Net: NetName=NetP8_7 Pin=R69-1
Added Net: Name=NetP8_7
Added Pin To Net: NetName=NetP8_8 Pin=P8-8
Added Pin To Net: NetName=NetP8_8 Pin=R72-1
Added Net: Name=NetP8_8
Added Pin To Net: NetName=NetP9_1 Pin=P9-1
Added Pin To Net: NetName=NetP9_1 Pin=Q2-2
Added Net: Name=NetP9_1
Added Pin To Net: NetName=NetP9_2 Pin=P9-2
Added Pin To Net: NetName=NetP9_2 Pin=Q4-2
Added Net: Name=NetP9_2
Added Pin To Net: NetName=NetP9_3 Pin=P9-3
Added Pin To Net: NetName=NetP9_3 Pin=Q6-2
Added Net: Name=NetP9_3
Added Pin To Net: NetName=NetP9_4 Pin=P9-4
Added Pin To Net: NetName=NetP9_4 Pin=Q8-2
Added Net: Name=NetP9_4
Added Pin To Net: NetName=NetP9_5 Pin=P9-5
Added Pin To Net: NetName=NetP9_5 Pin=Q7-2
Added Net: Name=NetP9_5
Added Pin To Net: NetName=NetP9_6 Pin=P9-6
Added Pin To Net: NetName=NetP9_6 Pin=Q5-2
Added Net: Name=NetP9_6
Added Pin To Net: NetName=NetP9_7 Pin=P9-7
Added Pin To Net: NetName=NetP9_7 Pin=Q3-2
Added Net: Name=NetP9_7
Added Pin To Net: NetName=NetP9_8 Pin=P9-8
Added Pin To Net: NetName=NetP9_8 Pin=Q1-2
Added Net: Name=NetP9_8
Added Member To Class: ClassName=ledcube8x8x8 Member=Component P2 Header 8H
Added Member To Class: ClassName=ledcube8x8x8 Member=Component P3 Header 8H
Added Member To Class: ClassName=ledcube8x8x8 Member=Component P4 Header 8H
Added Member To Class: ClassName=ledcube8x8x8 Member=Component P5 Header 8H
Added Member To Class: ClassName=ledcube8x8x8 Member=Component P6 Header 8H
Added Member To Class: ClassName=ledcube8x8x8 Member=Component P7 Header 8H
Added Member To Class: ClassName=ledcube8x8x8 Member=Component P8 Header 8H
Added Member To Class: ClassName=ledcube8x8x8 Member=Component P9 Header 8H
Added Member To Class: ClassName=ledcube8x8x8 Member=Component P10 Domino 2
Added Member To Class: ClassName=ledcube8x8x8 Member=Component U2 74HC595
