Removed Pin From Net: NetName=VCC Pin=C1-1
Removed Pin From Net: NetName=VCC Pin=U10-1
Change Component Designator: OldDesignator=D1 NewDesignator=D2
Change Component Designator: OldDesignator=D2 NewDesignator=D3
Change Component Designator: OldDesignator=D3 NewDesignator=D4
Added Component: Designator=D1(SS34)
Add component. Clean all parameters for all variants
Add component (AddParameter): Name = "Code_JEDEC"; Value = "DO-214-AA"; VariantName = "[No Variations]"
Add component (AddParameter): Name = "LatestRevisionDate"; Value = "17-Jul-2002"; VariantName = "[No Variations]"
Add component (AddParameter): Name = "LatestRevisionNote"; Value = "Re-released for DXP Platform."; VariantName = "[No Variations]"
Add component (AddParameter): Name = "PackageDescription"; Value = "DO-214-AA/SMB; 2 C-Bend Leads; Body 5.3 x 3.6 mm, inc. leads (LxW)"; VariantName = "[No Variations]"
Add component (AddParameter): Name = "PackageReference"; Value = "SMB"; VariantName = "[No Variations]"
Add component (AddParameter): Name = "Published"; Value = "8-Jun-2000"; VariantName = "[No Variations]"
Add component (AddParameter): Name = "Publisher"; Value = "Altium Limited"; VariantName = "[No Variations]"
Added Pin To Net: NetName=VCC Pin=D1-1
Change Net Name : Old Net Name=NetD1_2 New Net Name=NetD2_2
Change Net Name : Old Net Name=NetD2_1 New Net Name=NetD3_1
Change Net Name : Old Net Name=NetD3_1 New Net Name=NetD4_1
Added Pin To Net: NetName=NetC1_1 Pin=C1-1
Added Pin To Net: NetName=NetC1_1 Pin=D1-2
Added Pin To Net: NetName=NetC1_1 Pin=U10-1
Added Net: Name=NetC1_1
Added Member To Class: ClassName=ledcube8x8x8 Member=Component D4 LED SMD
Added Member To Class: ClassName=ledcube8x8x8 Member=Component R68 RESISTOR SMD
Added Member To Class: ClassName=ledcube8x8x8 Member=Component R69 RESISTOR SMD
Added Member To Class: ClassName=ledcube8x8x8 Member=Component R70 RESISTOR SMD
Added Member To Class: ClassName=ledcube8x8x8 Member=Component R71 RESISTOR SMD
Added Member To Class: ClassName=ledcube8x8x8 Member=Component R72 RESISTOR SMD
Added Member To Class: ClassName=ledcube8x8x8 Member=Component R73 RESISTOR SMD
Added Member To Class: ClassName=ledcube8x8x8 Member=Component R74 RESISTOR SMD
Added Member To Class: ClassName=ledcube8x8x8 Member=Component R75 RESISTOR SMD
