Removed Pin From Net: NetName=GPIO0 Pin=S2-1
Removed Pin From Net: NetName=GPIO2 Pin=S2-2
Removed Pin From Net: NetName=GPIO15 Pin=S2-3
Removed Pin From Net: NetName=TXD0 Pin=S2-4
Removed Pin From Net: NetName=RXD0 Pin=S2-5
Removed Pin From Net: NetName=UART1_TX Pin=S2-6
Removed Pin From Net: NetName=UART1_RX Pin=S2-7
Removed Pin From Net: NetName=GND Pin=S2-8
Removed Pin From Net: NetName=GND Pin=S2-9
Removed Pin From Net: NetName=GND Pin=S2-10
Added Pin To Net: NetName=UART1_TX Pin=S2-1
Added Pin To Net: NetName=UART1_RX Pin=S2-2
Added Pin To Net: NetName=GND Pin=S2-3
Added Pin To Net: NetName=GND Pin=S2-4
Added Pin To Net: NetName=GND Pin=S2-5
Added Pin To Net: NetName=GPIO0 Pin=S2-6
Added Pin To Net: NetName=GPIO2 Pin=S2-7
Added Pin To Net: NetName=GPIO15 Pin=S2-8
Added Pin To Net: NetName=TXD0 Pin=S2-9
Added Pin To Net: NetName=RXD0 Pin=S2-10
