Removed Pin From Net: NetName=GND Pin=C1-2
Removed Pin From Net: NetName=+5 Pin=C2-1
Removed Pin From Net: NetName=GND Pin=C2-2
Removed Pin From Net: NetName=GND Pin=P9-1
Removed Pin From Net: NetName=VCC Pin=P9-2
Removed Pin From Net: NetName=+5 Pin=R74-1
Removed Pin From Net: NetName=NetD3_1 Pin=R74-2
Removed Pin From Net: NetName=VCC Pin=R75-1
Removed Pin From Net: NetName=NetD4_1 Pin=R75-2
Removed Pin From Net: NetName=NetD2_2 Pin=U10-2
Removed Pin From Net: NetName=GND Pin=U10-3
Removed Pin From Net: NetName=NetD2_2 Pin=U10-4
Removed Pin From Net: NetName=GND Pin=U10-5
Removed Member From Class: ClassName=ledcube8x8x8 Member=C1
Removed Member From Class: ClassName=ledcube8x8x8 Member=C2
Removed Member From Class: ClassName=ledcube8x8x8 Member=D1
Removed Member From Class: ClassName=ledcube8x8x8 Member=D2
Removed Member From Class: ClassName=ledcube8x8x8 Member=D3
Removed Member From Class: ClassName=ledcube8x8x8 Member=D4
Removed Member From Class: ClassName=ledcube8x8x8 Member=L1
Removed Member From Class: ClassName=ledcube8x8x8 Member=R74
Removed Member From Class: ClassName=ledcube8x8x8 Member=R75
Removed Member From Class: ClassName=ledcube8x8x8 Member=U11
Change Component Footprint: Designator=C1 Old Footprint=CP1/2 New Footprint=CAP-SM-0805
Change Component Footprint: Designator=C2 Old Footprint=CP1/2 New Footprint=CAP-SM-0805
Change Component Footprint: Designator=D3 Old Footprint=LED_0603_Blue New Footprint=LED_0805_Blue
Change Component Footprint: Designator=D4 Old Footprint=LED_0603_Blue New Footprint=LED_0805_Blue
Change Component Footprint: Designator=R74 Old Footprint=RES-SM-0603 New Footprint=RES-SM-0805
Change Component Footprint: Designator=R75 Old Footprint=RES-SM-0603 New Footprint=RES-SM-0805
Change Component Comment : Designator=C1 Old Comment=Cap Pol New Comment=Cap Non-Pol SMD
Change Component Comment : Designator=C2 Old Comment=Cap Pol New Comment=Cap Non-Pol SMD
Change Component Designator: OldDesignator=P10 NewDesignator=P9
Change Component Designator: OldDesignator=P11 NewDesignator=P10
Change Component Designator: OldDesignator=R69 NewDesignator=R73
Change Component Designator: OldDesignator=R70 NewDesignator=R69
Change Component Designator: OldDesignator=R71 NewDesignator=R70
Change Component Designator: OldDesignator=R72 NewDesignator=R71
Change Component Designator: OldDesignator=R73 NewDesignator=R72
Change Component Designator: OldDesignator=U11 NewDesignator=U10
Change component parameters: Designator = "C1"; Footprint = "CAP-SM-0805"; UniqueID = "\JJRSFDKV"
Change component parameters. Clean all parameters for all variants
Change component parameters (AddParameter): Name = "Value"; Value = "100nF"; VariantName = "[No Variations]"
Change component parameters: Designator = "C2"; Footprint = "CAP-SM-0805"; UniqueID = "\TVRORQOG"
Change component parameters. Clean all parameters for all variants
Change component parameters (AddParameter): Name = "Value"; Value = "100nF"; VariantName = "[No Variations]"
Change component parameters: Designator = "R74"; Footprint = "RES-SM-0805"; UniqueID = "\RMQTFUPN"
Change component parameters. Clean all parameters for all variants
Change component parameters (AddParameter): Name = "Value"; Value = "10K"; VariantName = "[No Variations]"
Change component parameters: Designator = "R75"; Footprint = "RES-SM-0805"; UniqueID = "\EBISEXOV"
Change component parameters. Clean all parameters for all variants
Change component parameters (AddParameter): Name = "Value"; Value = "10K"; VariantName = "[No Variations]"
Added Component: Designator=C3(CP1/2)
Add component. Clean all parameters for all variants
Add component (AddParameter): Name = "Value"; Value = "100uF"; VariantName = "[No Variations]"
Added Component: Designator=C4(CP1/2)
Add component. Clean all parameters for all variants
Add component (AddParameter): Name = "Value"; Value = "1000uF"; VariantName = "[No Variations]"
Added Component: Designator=J1(JP3)
Add component. Clean all parameters for all variants
Added Component: Designator=J2(JP3)
Add component. Clean all parameters for all variants
Added Component: Designator=J3(JP3)
Add component. Clean all parameters for all variants
Added Component: Designator=P11(JP4)
Add component. Clean all parameters for all variants
Add component (AddParameter): Name = "LatestRevisionDate"; Value = "17-Jul-2002"; VariantName = "[No Variations]"
Add component (AddParameter): Name = "LatestRevisionNote"; Value = "Re-released for DXP Platform."; VariantName = "[No Variations]"
Add component (AddParameter): Name = "Publisher"; Value = "Altium Limited"; VariantName = "[No Variations]"
Added Component: Designator=P12(DOMINO 2- 5mm)
Add component. Clean all parameters for all variants
Add component (AddParameter): Name = "LatestRevisionDate"; Value = "17-Jul-2002"; VariantName = "[No Variations]"
Add component (AddParameter): Name = "LatestRevisionNote"; Value = "Re-released for DXP Platform."; VariantName = "[No Variations]"
Add component (AddParameter): Name = "Publisher"; Value = "Altium Limited"; VariantName = "[No Variations]"
Added Component: Designator=R76(RES-SM-0603)
Add component. Clean all parameters for all variants
Add component (AddParameter): Name = "Value"; Value = "10K"; VariantName = "[No Variations]"
Added Component: Designator=R77(RES-SM-0603)
Add component. Clean all parameters for all variants
Add component (AddParameter): Name = "Value"; Value = "10K"; VariantName = "[No Variations]"
Added Component: Designator=R78(RES-SM-0603)
Add component. Clean all parameters for all variants
Add component (AddParameter): Name = "Value"; Value = "10K"; VariantName = "[No Variations]"
Added Component: Designator=R79(RES-SM-0603)
Add component. Clean all parameters for all variants
Add component (AddParameter): Name = "Value"; Value = "220"; VariantName = "[No Variations]"
Added Component: Designator=R80(RES-SM-0603)
Add component. Clean all parameters for all variants
Add component (AddParameter): Name = "Value"; Value = "1K"; VariantName = "[No Variations]"
Added Component: Designator=S1(DIP-4)
Add component. Clean all parameters for all variants
Add component (AddParameter): Name = "LatestRevisionDate"; Value = "17-Jul-2002"; VariantName = "[No Variations]"
Add component (AddParameter): Name = "LatestRevisionNote"; Value = "Re-released for DXP Platform."; VariantName = "[No Variations]"
Add component (AddParameter): Name = "PackageReference"; Value = "DIP-4"; VariantName = "[No Variations]"
Add component (AddParameter): Name = "Published"; Value = "24-Mar-1999"; VariantName = "[No Variations]"
Add component (AddParameter): Name = "Publisher"; Value = "Altium Limited"; VariantName = "[No Variations]"
Added Component: Designator=S2(SPST-2)
Add component. Clean all parameters for all variants
Add component (AddParameter): Name = "LatestRevisionDate"; Value = "17-Jul-2002"; VariantName = "[No Variations]"
Add component (AddParameter): Name = "LatestRevisionNote"; Value = "Re-released for DXP Platform."; VariantName = "[No Variations]"
Add component (AddParameter): Name = "PackageDescription"; Value = "Switch; 2 Leads"; VariantName = "[No Variations]"
Add component (AddParameter): Name = "PackageReference"; Value = "SPST-2"; VariantName = "[No Variations]"
Add component (AddParameter): Name = "Published"; Value = "24-Mar-1999"; VariantName = "[No Variations]"
Add component (AddParameter): Name = "Publisher"; Value = "Altium Limited"; VariantName = "[No Variations]"
Added Pin To Net: NetName=GND Pin=C1-1
Added Pin To Net: NetName=GND Pin=C2-1
Added Pin To Net: NetName=GND Pin=C3-2
Added Pin To Net: NetName=+5 Pin=C4-1
Added Pin To Net: NetName=GND Pin=C4-2
Added Pin To Net: NetName=GND Pin=J1-3
Added Pin To Net: NetName=GND Pin=J2-3
Added Pin To Net: NetName=GND Pin=J3-3
Added Pin To Net: NetName=GND Pin=P11-4
Added Pin To Net: NetName=GND Pin=P12-1
Added Pin To Net: NetName=VCC Pin=P12-2
Added Pin To Net: NetName=+5 Pin=R79-1
Added Pin To Net: NetName=NetD3_1 Pin=R79-2
Added Pin To Net: NetName=VCC Pin=R80-1
Added Pin To Net: NetName=NetD4_1 Pin=R80-2
Added Pin To Net: NetName=GND Pin=S2-2
Change Net Name : Old Net Name=NetP10_1 New Net Name=NetP9_1
Change Net Name : Old Net Name=NetP10_2 New Net Name=NetP9_2
Change Net Name : Old Net Name=NetP10_3 New Net Name=NetP9_3
Change Net Name : Old Net Name=NetP10_4 New Net Name=NetP9_4
Change Net Name : Old Net Name=NetP10_5 New Net Name=NetP9_5
Change Net Name : Old Net Name=NetP10_6 New Net Name=NetP9_6
Change Net Name : Old Net Name=NetP10_7 New Net Name=NetP9_7
Change Net Name : Old Net Name=NetP10_8 New Net Name=NetP9_8
Change Net Name : Old Net Name=NetP11_1 New Net Name=NetP10_1
Change Net Name : Old Net Name=NetP11_2 New Net Name=NetP10_2
Added Pin To Net: NetName=3V3 Pin=C1-2
Added Pin To Net: NetName=3V3 Pin=C2-2
Added Pin To Net: NetName=3V3 Pin=P11-1
Added Pin To Net: NetName=3V3 Pin=R74-1
Added Pin To Net: NetName=3V3 Pin=R75-2
Added Pin To Net: NetName=3V3 Pin=R76-2
Added Pin To Net: NetName=3V3 Pin=R77-2
Added Pin To Net: NetName=3V3 Pin=R78-2
Added Pin To Net: NetName=3V3 Pin=S2-1
Added Pin To Net: NetName=3V3 Pin=U10-20
Added Net: Name=3V3
Added Pin To Net: NetName=GPIO0 Pin=J1-1
Added Pin To Net: NetName=GPIO0 Pin=R76-1
Added Net: Name=GPIO0
Added Pin To Net: NetName=GPIO2 Pin=J2-1
Added Pin To Net: NetName=GPIO2 Pin=R77-1
Added Net: Name=GPIO2
Added Pin To Net: NetName=GPIO15 Pin=J3-1
Added Pin To Net: NetName=GPIO15 Pin=R78-1
Added Net: Name=GPIO15
Added Pin To Net: NetName=NetC3_1 Pin=C3-1
Added Pin To Net: NetName=NetC3_1 Pin=D1-2
Added Net: Name=NetC3_1
Added Pin To Net: NetName=NetIC*1_2 Pin=R74-2
Added Net: Name=NetIC*1_2
Added Pin To Net: NetName=RESET Pin=R75-1
Added Net: Name=RESET
Added Pin To Net: NetName=RXD0 Pin=P11-3
Added Pin To Net: NetName=RXD0 Pin=S1-2
Added Net: Name=RXD0
Added Pin To Net: NetName=TXD0 Pin=P11-2
Added Pin To Net: NetName=TXD0 Pin=S1-1
Added Net: Name=TXD0
Added Pin To Net: NetName=UART1_RX Pin=S1-4
Added Pin To Net: NetName=UART1_RX Pin=U10-7
Added Net: Name=UART1_RX
Added Pin To Net: NetName=UART1_TX Pin=S1-3
Added Pin To Net: NetName=UART1_TX Pin=U10-6
Added Net: Name=UART1_TX
Added Class: Name=esp8266
Added Class: Name=power_supply
