Removed Pin From Net: NetName=LAYER8 Pin=R1-1
Removed Pin From Net: NetName=LAYER7 Pin=R4-1
Removed Pin From Net: NetName=LAYER6 Pin=R7-1
Removed Pin From Net: NetName=LAYER5 Pin=R10-1
Removed Pin From Net: NetName=LAYER4 Pin=R13-1
Removed Pin From Net: NetName=LAYER3 Pin=R16-1
Removed Pin From Net: NetName=LAYER2 Pin=R19-1
Removed Pin From Net: NetName=LAYER1 Pin=R22-1
Removed Member From Class: ClassName=ledcube8x8x8 Member=R76
Removed Member From Class: ClassName=ledcube8x8x8 Member=R77
Removed Member From Class: ClassName=ledcube8x8x8 Member=R78
Removed Member From Class: ClassName=ledcube8x8x8 Member=R79
Removed Member From Class: ClassName=ledcube8x8x8 Member=R80
Removed Member From Class: ClassName=ledcube8x8x8 Member=R81
Removed Member From Class: ClassName=ledcube8x8x8 Member=R82
Removed Member From Class: ClassName=ledcube8x8x8 Member=R83
Change Component Designator: OldDesignator=R2 NewDesignator=R1
Change Component Designator: OldDesignator=R3 NewDesignator=R2
Change Component Designator: OldDesignator=R5 NewDesignator=R3
Change Component Designator: OldDesignator=R6 NewDesignator=R4
Change Component Designator: OldDesignator=R8 NewDesignator=R5
Change Component Designator: OldDesignator=R9 NewDesignator=R6
Change Component Designator: OldDesignator=R11 NewDesignator=R7
Change Component Designator: OldDesignator=R12 NewDesignator=R8
Change Component Designator: OldDesignator=R14 NewDesignator=R9
Change Component Designator: OldDesignator=R15 NewDesignator=R10
Change Component Designator: OldDesignator=R17 NewDesignator=R11
Change Component Designator: OldDesignator=R18 NewDesignator=R12
Change Component Designator: OldDesignator=R20 NewDesignator=R13
Change Component Designator: OldDesignator=R21 NewDesignator=R14
Change Component Designator: OldDesignator=R23 NewDesignator=R15
Change Component Designator: OldDesignator=R24 NewDesignator=R16
Change Component Designator: OldDesignator=R25 NewDesignator=R17
Change Component Designator: OldDesignator=R26 NewDesignator=R18
Change Component Designator: OldDesignator=R27 NewDesignator=R19
Change Component Designator: OldDesignator=R28 NewDesignator=R20
Change Component Designator: OldDesignator=R29 NewDesignator=R21
Change Component Designator: OldDesignator=R30 NewDesignator=R22
Change Component Designator: OldDesignator=R31 NewDesignator=R23
Change Component Designator: OldDesignator=R32 NewDesignator=R24
Change Component Designator: OldDesignator=R33 NewDesignator=R25
Change Component Designator: OldDesignator=R34 NewDesignator=R26
Change Component Designator: OldDesignator=R35 NewDesignator=R27
Change Component Designator: OldDesignator=R36 NewDesignator=R28
Change Component Designator: OldDesignator=R37 NewDesignator=R29
Change Component Designator: OldDesignator=R38 NewDesignator=R30
Change Component Designator: OldDesignator=R39 NewDesignator=R31
Change Component Designator: OldDesignator=R40 NewDesignator=R32
Change Component Designator: OldDesignator=R41 NewDesignator=R33
Change Component Designator: OldDesignator=R42 NewDesignator=R34
Change Component Designator: OldDesignator=R43 NewDesignator=R35
Change Component Designator: OldDesignator=R44 NewDesignator=R36
Change Component Designator: OldDesignator=R45 NewDesignator=R37
Change Component Designator: OldDesignator=R46 NewDesignator=R38
Change Component Designator: OldDesignator=R47 NewDesignator=R39
Change Component Designator: OldDesignator=R48 NewDesignator=R40
Change Component Designator: OldDesignator=R49 NewDesignator=R41
Change Component Designator: OldDesignator=R50 NewDesignator=R42
Change Component Designator: OldDesignator=R51 NewDesignator=R43
Change Component Designator: OldDesignator=R52 NewDesignator=R44
Change Component Designator: OldDesignator=R53 NewDesignator=R45
Change Component Designator: OldDesignator=R54 NewDesignator=R46
Change Component Designator: OldDesignator=R55 NewDesignator=R47
Change Component Designator: OldDesignator=R56 NewDesignator=R48
Change Component Designator: OldDesignator=R57 NewDesignator=R49
Change Component Designator: OldDesignator=R58 NewDesignator=R50
Change Component Designator: OldDesignator=R59 NewDesignator=R51
Change Component Designator: OldDesignator=R60 NewDesignator=R52
Change Component Designator: OldDesignator=R61 NewDesignator=R53
Change Component Designator: OldDesignator=R62 NewDesignator=R54
Change Component Designator: OldDesignator=R63 NewDesignator=R55
Change Component Designator: OldDesignator=R64 NewDesignator=R56
Change Component Designator: OldDesignator=R65 NewDesignator=R57
Change Component Designator: OldDesignator=R66 NewDesignator=R58
Change Component Designator: OldDesignator=R67 NewDesignator=R59
Change Component Designator: OldDesignator=R68 NewDesignator=R60
Change Component Designator: OldDesignator=R69 NewDesignator=R61
Change Component Designator: OldDesignator=R70 NewDesignator=R62
Change Component Designator: OldDesignator=R71 NewDesignator=R63
Change Component Designator: OldDesignator=R72 NewDesignator=R64
Change Component Designator: OldDesignator=R73 NewDesignator=R65
Change Component Designator: OldDesignator=R74 NewDesignator=R66
Change Component Designator: OldDesignator=R75 NewDesignator=R67
Change Component Designator: OldDesignator=R76 NewDesignator=R68
Change Component Designator: OldDesignator=R77 NewDesignator=R69
Change Component Designator: OldDesignator=R78 NewDesignator=R70
Change Component Designator: OldDesignator=R79 NewDesignator=R71
Change Component Designator: OldDesignator=R80 NewDesignator=R72
Change Component Designator: OldDesignator=R81 NewDesignator=R73
Change Component Designator: OldDesignator=R82 NewDesignator=R74
Change Component Designator: OldDesignator=R83 NewDesignator=R75
Added Pin To Net: NetName=LAYER2 Pin=U1-1
Added Pin To Net: NetName=LAYER3 Pin=U1-2
Added Pin To Net: NetName=LAYER4 Pin=U1-3
Added Pin To Net: NetName=LAYER5 Pin=U1-4
Added Pin To Net: NetName=LAYER6 Pin=U1-5
Added Pin To Net: NetName=LAYER7 Pin=U1-6
Added Pin To Net: NetName=LAYER8 Pin=U1-7
Added Pin To Net: NetName=LAYER1 Pin=U1-15
Change Net Name : Old Net Name=NetR2_2 New Net Name=NetR1_2
Change Net Name : Old Net Name=NetR3_2 New Net Name=NetR2_2
Change Net Name : Old Net Name=NetR5_2 New Net Name=NetR3_2
Change Net Name : Old Net Name=NetR6_2 New Net Name=NetR4_2
Change Net Name : Old Net Name=NetR8_2 New Net Name=NetR5_2
Change Net Name : Old Net Name=NetR9_2 New Net Name=NetR6_2
Change Net Name : Old Net Name=NetR11_2 New Net Name=NetR7_2
Change Net Name : Old Net Name=NetR12_2 New Net Name=NetR8_2
Change Net Name : Old Net Name=NetR14_2 New Net Name=NetR9_2
Change Net Name : Old Net Name=NetR15_2 New Net Name=NetR10_2
Change Net Name : Old Net Name=NetR17_2 New Net Name=NetR11_2
Change Net Name : Old Net Name=NetR18_2 New Net Name=NetR12_2
Change Net Name : Old Net Name=NetR20_2 New Net Name=NetR13_2
Change Net Name : Old Net Name=NetR21_2 New Net Name=NetR14_2
Change Net Name : Old Net Name=NetR23_2 New Net Name=NetR15_2
Change Net Name : Old Net Name=NetR24_2 New Net Name=NetR16_2
Change Net Name : Old Net Name=NetR25_2 New Net Name=NetR17_2
Change Net Name : Old Net Name=NetR26_2 New Net Name=NetR18_2
Change Net Name : Old Net Name=NetR27_2 New Net Name=NetR19_2
Change Net Name : Old Net Name=NetR28_2 New Net Name=NetR20_2
Change Net Name : Old Net Name=NetR29_2 New Net Name=NetR21_2
Change Net Name : Old Net Name=NetR30_2 New Net Name=NetR22_2
Change Net Name : Old Net Name=NetR31_2 New Net Name=NetR23_2
Change Net Name : Old Net Name=NetR32_2 New Net Name=NetR24_2
Change Net Name : Old Net Name=NetR33_2 New Net Name=NetR25_2
Change Net Name : Old Net Name=NetR34_2 New Net Name=NetR26_2
Change Net Name : Old Net Name=NetR35_2 New Net Name=NetR27_2
Change Net Name : Old Net Name=NetR36_2 New Net Name=NetR28_2
Change Net Name : Old Net Name=NetR37_2 New Net Name=NetR29_2
Change Net Name : Old Net Name=NetR38_2 New Net Name=NetR30_2
Change Net Name : Old Net Name=NetR39_2 New Net Name=NetR31_2
Change Net Name : Old Net Name=NetR40_2 New Net Name=NetR32_2
Change Net Name : Old Net Name=NetR41_2 New Net Name=NetR33_2
Change Net Name : Old Net Name=NetR42_2 New Net Name=NetR34_2
Change Net Name : Old Net Name=NetR43_2 New Net Name=NetR35_2
Change Net Name : Old Net Name=NetR44_2 New Net Name=NetR36_2
Change Net Name : Old Net Name=NetR45_2 New Net Name=NetR37_2
Change Net Name : Old Net Name=NetR46_2 New Net Name=NetR38_2
Change Net Name : Old Net Name=NetR47_2 New Net Name=NetR39_2
Change Net Name : Old Net Name=NetR48_2 New Net Name=NetR40_2
Change Net Name : Old Net Name=NetR49_2 New Net Name=NetR41_2
Change Net Name : Old Net Name=NetR50_2 New Net Name=NetR42_2
Change Net Name : Old Net Name=NetR51_2 New Net Name=NetR43_2
Change Net Name : Old Net Name=NetR52_2 New Net Name=NetR44_2
Change Net Name : Old Net Name=NetR53_2 New Net Name=NetR45_2
Change Net Name : Old Net Name=NetR54_2 New Net Name=NetR46_2
Change Net Name : Old Net Name=NetR55_2 New Net Name=NetR47_2
Change Net Name : Old Net Name=NetR56_2 New Net Name=NetR48_2
Change Net Name : Old Net Name=NetR57_2 New Net Name=NetR49_2
Change Net Name : Old Net Name=NetR58_2 New Net Name=NetR50_2
Change Net Name : Old Net Name=NetR59_2 New Net Name=NetR51_2
Change Net Name : Old Net Name=NetR60_2 New Net Name=NetR52_2
Change Net Name : Old Net Name=NetR61_2 New Net Name=NetR53_2
Change Net Name : Old Net Name=NetR62_2 New Net Name=NetR54_2
Change Net Name : Old Net Name=NetR63_2 New Net Name=NetR55_2
Change Net Name : Old Net Name=NetR64_2 New Net Name=NetR56_2
Change Net Name : Old Net Name=NetR65_2 New Net Name=NetR57_2
Change Net Name : Old Net Name=NetR66_2 New Net Name=NetR58_2
Change Net Name : Old Net Name=NetR67_2 New Net Name=NetR59_2
Change Net Name : Old Net Name=NetR68_2 New Net Name=NetR60_2
Change Net Name : Old Net Name=NetR69_2 New Net Name=NetR61_2
Change Net Name : Old Net Name=NetR70_2 New Net Name=NetR62_2
Change Net Name : Old Net Name=NetR71_2 New Net Name=NetR63_2
Change Net Name : Old Net Name=NetR72_2 New Net Name=NetR64_2
Added Room: Name=ledcube8x8x8
