Change Component Designator: OldDesignator=P9 NewDesignator=P10
Change Component Designator: OldDesignator=P10 NewDesignator=P11
Added Component: Designator=P9(DOMINO 2- 5mm)
Add component. Clean all parameters for all variants
Add component (AddParameter): Name = "LatestRevisionDate"; Value = "17-Jul-2002"; VariantName = "[No Variations]"
Add component (AddParameter): Name = "LatestRevisionNote"; Value = "Re-released for DXP Platform."; VariantName = "[No Variations]"
Add component (AddParameter): Name = "Publisher"; Value = "Altium Limited"; VariantName = "[No Variations]"
Added Pin To Net: NetName=GND Pin=P9-1
Added Pin To Net: NetName=VCC Pin=P9-2
Change Net Name : Old Net Name=NetP9_1 New Net Name=NetP10_1
Change Net Name : Old Net Name=NetP9_2 New Net Name=NetP10_2
Change Net Name : Old Net Name=NetP9_3 New Net Name=NetP10_3
Change Net Name : Old Net Name=NetP9_4 New Net Name=NetP10_4
Change Net Name : Old Net Name=NetP9_5 New Net Name=NetP10_5
Change Net Name : Old Net Name=NetP9_6 New Net Name=NetP10_6
Change Net Name : Old Net Name=NetP9_7 New Net Name=NetP10_7
Change Net Name : Old Net Name=NetP9_8 New Net Name=NetP10_8
Change Net Name : Old Net Name=NetP10_1 New Net Name=NetP11_1
Change Net Name : Old Net Name=NetP10_2 New Net Name=NetP11_2
Added Member To Class: ClassName=ledcube8x8x8 Member=Component D1 D Schottky
Added Member To Class: ClassName=ledcube8x8x8 Member=Component P11 Domino 2
