Removed Pin From Net: NetName=GPIO0 Pin=J1-1
Removed Pin From Net: NetName=GND Pin=J1-3
Removed Pin From Net: NetName=GPIO2 Pin=J2-1
Removed Pin From Net: NetName=GND Pin=J2-3
Removed Pin From Net: NetName=GPIO15 Pin=J3-1
Removed Pin From Net: NetName=GND Pin=J3-3
Removed Member From Class: ClassName=esp8266 Member=J1
Removed Member From Class: ClassName=esp8266 Member=J2
Removed Member From Class: ClassName=esp8266 Member=J3
Added Component: Designator=S3(DIP-6)
Add component. Clean all parameters for all variants
Add component (AddParameter): Name = "Code_JEDEC"; Value = "MO-001-AM"; VariantName = "[No Variations]"
Add component (AddParameter): Name = "LatestRevisionDate"; Value = "17-Jul-2002"; VariantName = "[No Variations]"
Add component (AddParameter): Name = "LatestRevisionNote"; Value = "Re-released for DXP Platform."; VariantName = "[No Variations]"
Add component (AddParameter): Name = "PackageReference"; Value = "DIP-6"; VariantName = "[No Variations]"
Add component (AddParameter): Name = "Published"; Value = "24-Mar-1999"; VariantName = "[No Variations]"
Add component (AddParameter): Name = "Publisher"; Value = "Altium Limited"; VariantName = "[No Variations]"
Added Pin To Net: NetName=GPIO0 Pin=S3-1
Added Pin To Net: NetName=GPIO2 Pin=S3-2
Added Pin To Net: NetName=GPIO15 Pin=S3-3
Added Pin To Net: NetName=GND Pin=S3-4
Added Pin To Net: NetName=GND Pin=S3-5
Added Pin To Net: NetName=GND Pin=S3-6
Added Member To Class: ClassName=ledcube8x8x8 Member=Component R43 RESISTOR SMD
Added Member To Class: ClassName=ledcube8x8x8 Member=Component R46 RESISTOR SMD
Added Member To Class: ClassName=ledcube8x8x8 Member=Component R49 RESISTOR SMD
Added Member To Class: ClassName=ledcube8x8x8 Member=Component R52 RESISTOR SMD
Added Member To Class: ClassName=ledcube8x8x8 Member=Component R55 RESISTOR SMD
Added Member To Class: ClassName=ledcube8x8x8 Member=Component R58 RESISTOR SMD
Added Member To Class: ClassName=ledcube8x8x8 Member=Component R61 RESISTOR SMD
Added Member To Class: ClassName=ledcube8x8x8 Member=Component R64 RESISTOR SMD
Added Member To Class: ClassName=esp8266 Member=Component S3 SW DIP-3
