Change Component Designator: OldDesignator=P8 NewDesignator=P9
Change Component Designator: OldDesignator=P9 NewDesignator=P10
Change Component Designator: OldDesignator=P10 NewDesignator=P11
Change Component Designator: OldDesignator=P11 NewDesignator=P12
Change Component Designator: OldDesignator=P12 NewDesignator=P13
Added Component: Designator=P8(JP2)
Add component. Clean all parameters for all variants
Add component (AddParameter): Name = "LatestRevisionDate"; Value = "17-Jul-2002"; VariantName = "[No Variations]"
Add component (AddParameter): Name = "LatestRevisionNote"; Value = "Re-released for DXP Platform."; VariantName = "[No Variations]"
Add component (AddParameter): Name = "Publisher"; Value = "Altium Limited"; VariantName = "[No Variations]"
Added Pin To Net: NetName=GND Pin=P8-2
Change Net Name : Old Net Name=NetP10_1 New Net Name=NetP11_1
Change Net Name : Old Net Name=NetP10_2 New Net Name=NetP11_2
Change Net Name : Old Net Name=NetP10_3 New Net Name=NetP11_3
Change Net Name : Old Net Name=NetP10_4 New Net Name=NetP11_4
Change Net Name : Old Net Name=NetP10_5 New Net Name=NetP11_5
Change Net Name : Old Net Name=NetP10_6 New Net Name=NetP11_6
Change Net Name : Old Net Name=NetP10_7 New Net Name=NetP11_7
Change Net Name : Old Net Name=NetP10_8 New Net Name=NetP11_8
Change Net Name : Old Net Name=NetP11_1 New Net Name=NetP12_1
Change Net Name : Old Net Name=NetP11_2 New Net Name=NetP12_2
Change Net Name : Old Net Name=NetP11_3 New Net Name=NetP12_3
Change Net Name : Old Net Name=NetP11_4 New Net Name=NetP12_4
Change Net Name : Old Net Name=NetP11_5 New Net Name=NetP12_5
Change Net Name : Old Net Name=NetP11_6 New Net Name=NetP12_6
Change Net Name : Old Net Name=NetP11_7 New Net Name=NetP12_7
Change Net Name : Old Net Name=NetP11_8 New Net Name=NetP12_8
Added Pin To Net: NetName=PA1/ADC1_IN1 Pin=P8-1
Added Pin To Net: NetName=PA1/ADC1_IN1 Pin=U4-25
Added Net: Name=PA1/ADC1_IN1
Added Member To Class: ClassName=schematic_sn74hc595n Member=Component P13 Header 4
