Change Component Designator: OldDesignator=P8 NewDesignator=P10
Change Component Designator: OldDesignator=P9 NewDesignator=P11
Change Component Designator: OldDesignator=P10 NewDesignator=P8
Change Component Designator: OldDesignator=P11 NewDesignator=P9
Change Component Description : Designator=H1 Old Description=C?m New Description=C?m
Change component parameters: Designator = "H1"; Footprint = "Header 2P DC 2.54"; UniqueID = "\OCKDWEVB"
Change component parameters. Clean all parameters for all variants
Change component parameters (AddParameter): Name = "Chung_Loai"; Value = "C?m"; VariantName = "[No Variations]"
Change component parameters (AddParameter): Name = "Don_Vi"; Value = "Con"; VariantName = "[No Variations]"
Change component parameters (AddParameter): Name = "Ghi_Chu"; Value = ""; VariantName = "[No Variations]"
Change component parameters (AddParameter): Name = "Kieu_Chan"; Value = ""; VariantName = "[No Variations]"
Change component parameters (AddParameter): Name = "Ma_Hang"; Value = "MH002852"; VariantName = "[No Variations]"
Change component parameters (AddParameter): Name = "Ten_Linh_Kien"; Value = "Header 2P XH2.54-2P Ð?c Cong"; VariantName = "[No Variations]"
Added Component: Designator=P12(JP4)
Add component. Clean all parameters for all variants
Add component (AddParameter): Name = "LatestRevisionDate"; Value = "17-Jul-2002"; VariantName = "[No Variations]"
Add component (AddParameter): Name = "LatestRevisionNote"; Value = "Re-released for DXP Platform."; VariantName = "[No Variations]"
Add component (AddParameter): Name = "Publisher"; Value = "Altium Limited"; VariantName = "[No Variations]"
Added Pin To Net: NetName=GND Pin=P12-1
Added Pin To Net: NetName=GND Pin=P12-2
Added Pin To Net: NetName=GND Pin=P12-3
Added Pin To Net: NetName=GND Pin=P12-4
Change Net Name : Old Net Name=NetP8_1 New Net Name=NetP10_1
Change Net Name : Old Net Name=NetP8_2 New Net Name=NetP10_2
Change Net Name : Old Net Name=NetP8_3 New Net Name=NetP10_3
Change Net Name : Old Net Name=NetP8_4 New Net Name=NetP10_4
Change Net Name : Old Net Name=NetP8_5 New Net Name=NetP10_5
Change Net Name : Old Net Name=NetP8_6 New Net Name=NetP10_6
Change Net Name : Old Net Name=NetP8_7 New Net Name=NetP10_7
Change Net Name : Old Net Name=NetP8_8 New Net Name=NetP10_8
Change Net Name : Old Net Name=NetP9_1 New Net Name=NetP11_1
Change Net Name : Old Net Name=NetP9_2 New Net Name=NetP11_2
Change Net Name : Old Net Name=NetP9_3 New Net Name=NetP11_3
Change Net Name : Old Net Name=NetP9_4 New Net Name=NetP11_4
Change Net Name : Old Net Name=NetP9_5 New Net Name=NetP11_5
Change Net Name : Old Net Name=NetP9_6 New Net Name=NetP11_6
Change Net Name : Old Net Name=NetP9_7 New Net Name=NetP11_7
Change Net Name : Old Net Name=NetP9_8 New Net Name=NetP11_8
Added Member To Class: ClassName=schematic_sn74hc595n Member=Component P12 Header 4
Added Member To Class: ClassName=schematic_sn74hc595n Member=Component U4 Bluepill
Added Member To Class: ClassName=schematic_sn74hc595n Member=Component U9 ESP8266
