Removed Pin From Net: NetName=5V Pin=P8-1
Removed Pin From Net: NetName=GND Pin=P8-2
Removed Pin From Net: NetName=PA1/BUTTON Pin=P8-5
Removed Pin From Net: NetName=PA5 Pin=P9-1
Removed Pin From Net: NetName=PA6 Pin=P9-2
Removed Pin From Net: NetName=PA7 Pin=P9-3
Removed Pin From Net: NetName=GND Pin=P9-5
Removed Member From Class: ClassName=schematic_sn74hc595n Member=P12
Removed Member From Class: ClassName=schematic_sn74hc595n Member=P13
Change Component Designator: OldDesignator=H1 NewDesignator=H9
Change Component Designator: OldDesignator=H2 NewDesignator=H10
Change Component Designator: OldDesignator=H3 NewDesignator=H11
Change Component Designator: OldDesignator=H4 NewDesignator=H12
Change Component Designator: OldDesignator=P10 NewDesignator=P8
Change Component Designator: OldDesignator=P11 NewDesignator=P9
Change Component Designator: OldDesignator=P12 NewDesignator=P10
Change Component Designator: OldDesignator=P13 NewDesignator=P11
Added Component: Designator=H1(XH2.54M-10)
Add component. Clean all parameters for all variants
Add component (AddParameter): Name = "Chung_Loai"; Value = "C?m"; VariantName = "[No Variations]"
Add component (AddParameter): Name = "Don_Vi"; Value = "Con"; VariantName = "[No Variations]"
Add component (AddParameter): Name = "Ghi_Chu"; Value = ""; VariantName = "[No Variations]"
Add component (AddParameter): Name = "Kieu_Chan"; Value = ""; VariantName = "[No Variations]"
Add component (AddParameter): Name = "Ma_Hang"; Value = "MH001286"; VariantName = "[No Variations]"
Add component (AddParameter): Name = "Ten_Linh_Kien"; Value = "Header 10P XH2.54-10P Ð?c Th?ng"; VariantName = "[No Variations]"
Added Component: Designator=H2(XH2.54M-10)
Add component. Clean all parameters for all variants
Add component (AddParameter): Name = "Chung_Loai"; Value = "C?m"; VariantName = "[No Variations]"
Add component (AddParameter): Name = "Don_Vi"; Value = "Con"; VariantName = "[No Variations]"
Add component (AddParameter): Name = "Ghi_Chu"; Value = ""; VariantName = "[No Variations]"
Add component (AddParameter): Name = "Kieu_Chan"; Value = ""; VariantName = "[No Variations]"
Add component (AddParameter): Name = "Ma_Hang"; Value = "MH001286"; VariantName = "[No Variations]"
Add component (AddParameter): Name = "Ten_Linh_Kien"; Value = "Header 10P XH2.54-10P Ð?c Th?ng"; VariantName = "[No Variations]"
Added Component: Designator=H3(XH2.54M-10)
Add component. Clean all parameters for all variants
Add component (AddParameter): Name = "Chung_Loai"; Value = "C?m"; VariantName = "[No Variations]"
Add component (AddParameter): Name = "Don_Vi"; Value = "Con"; VariantName = "[No Variations]"
Add component (AddParameter): Name = "Ghi_Chu"; Value = ""; VariantName = "[No Variations]"
Add component (AddParameter): Name = "Kieu_Chan"; Value = ""; VariantName = "[No Variations]"
Add component (AddParameter): Name = "Ma_Hang"; Value = "MH001286"; VariantName = "[No Variations]"
Add component (AddParameter): Name = "Ten_Linh_Kien"; Value = "Header 10P XH2.54-10P Ð?c Th?ng"; VariantName = "[No Variations]"
Added Component: Designator=H4(XH2.54M-10)
Add component. Clean all parameters for all variants
Add component (AddParameter): Name = "Chung_Loai"; Value = "C?m"; VariantName = "[No Variations]"
Add component (AddParameter): Name = "Don_Vi"; Value = "Con"; VariantName = "[No Variations]"
Add component (AddParameter): Name = "Ghi_Chu"; Value = ""; VariantName = "[No Variations]"
Add component (AddParameter): Name = "Kieu_Chan"; Value = ""; VariantName = "[No Variations]"
Add component (AddParameter): Name = "Ma_Hang"; Value = "MH001286"; VariantName = "[No Variations]"
Add component (AddParameter): Name = "Ten_Linh_Kien"; Value = "Header 10P XH2.54-10P Ð?c Th?ng"; VariantName = "[No Variations]"
Added Component: Designator=H5(XH2.54M-10)
Add component. Clean all parameters for all variants
Add component (AddParameter): Name = "Chung_Loai"; Value = "C?m"; VariantName = "[No Variations]"
Add component (AddParameter): Name = "Don_Vi"; Value = "Con"; VariantName = "[No Variations]"
Add component (AddParameter): Name = "Ghi_Chu"; Value = ""; VariantName = "[No Variations]"
Add component (AddParameter): Name = "Kieu_Chan"; Value = ""; VariantName = "[No Variations]"
Add component (AddParameter): Name = "Ma_Hang"; Value = "MH001286"; VariantName = "[No Variations]"
Add component (AddParameter): Name = "Ten_Linh_Kien"; Value = "Header 10P XH2.54-10P Ð?c Th?ng"; VariantName = "[No Variations]"
Added Component: Designator=H6(XH2.54M-10)
Add component. Clean all parameters for all variants
Add component (AddParameter): Name = "Chung_Loai"; Value = "C?m"; VariantName = "[No Variations]"
Add component (AddParameter): Name = "Don_Vi"; Value = "Con"; VariantName = "[No Variations]"
Add component (AddParameter): Name = "Ghi_Chu"; Value = ""; VariantName = "[No Variations]"
Add component (AddParameter): Name = "Kieu_Chan"; Value = ""; VariantName = "[No Variations]"
Add component (AddParameter): Name = "Ma_Hang"; Value = "MH001286"; VariantName = "[No Variations]"
Add component (AddParameter): Name = "Ten_Linh_Kien"; Value = "Header 10P XH2.54-10P Ð?c Th?ng"; VariantName = "[No Variations]"
Added Component: Designator=H7(XH2.54M-5)
Add component. Clean all parameters for all variants
Add component (AddParameter): Name = "Chung_Loai"; Value = "C?m"; VariantName = "[No Variations]"
Add component (AddParameter): Name = "Don_Vi"; Value = "Con"; VariantName = "[No Variations]"
Add component (AddParameter): Name = "Ghi_Chu"; Value = ""; VariantName = "[No Variations]"
Add component (AddParameter): Name = "Kieu_Chan"; Value = ""; VariantName = "[No Variations]"
Add component (AddParameter): Name = "Ma_Hang"; Value = "MH001298"; VariantName = "[No Variations]"
Add component (AddParameter): Name = "Ten_Linh_Kien"; Value = "Header 5P XH2.54-5P Ð?c Th?ng"; VariantName = "[No Variations]"
Added Component: Designator=H8(XH2.54M-5)
Add component. Clean all parameters for all variants
Add component (AddParameter): Name = "Chung_Loai"; Value = "C?m"; VariantName = "[No Variations]"
Add component (AddParameter): Name = "Don_Vi"; Value = "Con"; VariantName = "[No Variations]"
Add component (AddParameter): Name = "Ghi_Chu"; Value = ""; VariantName = "[No Variations]"
Add component (AddParameter): Name = "Kieu_Chan"; Value = ""; VariantName = "[No Variations]"
Add component (AddParameter): Name = "Ma_Hang"; Value = "MH001298"; VariantName = "[No Variations]"
Add component (AddParameter): Name = "Ten_Linh_Kien"; Value = "Header 5P XH2.54-5P Ð?c Th?ng"; VariantName = "[No Variations]"
Added Pin To Net: NetName=PA6 Pin=H2-1
Added Pin To Net: NetName=PA7 Pin=H2-2
Added Pin To Net: NetName=GND Pin=H2-9
Added Pin To Net: NetName=GND Pin=H2-10
Added Pin To Net: NetName=GND Pin=H3-2
Added Pin To Net: NetName=5V Pin=H5-8
Added Pin To Net: NetName=GND Pin=H5-9
Added Pin To Net: NetName=PA1/BUTTON Pin=H6-6
Added Pin To Net: NetName=PA5 Pin=H6-10
Change Net Name : Old Net Name=NetP10_1 New Net Name=NetP8_1
Change Net Name : Old Net Name=NetP10_2 New Net Name=NetP8_2
Change Net Name : Old Net Name=NetP10_3 New Net Name=NetP8_3
Change Net Name : Old Net Name=NetP10_4 New Net Name=NetP8_4
Change Net Name : Old Net Name=NetP10_5 New Net Name=NetP8_5
Change Net Name : Old Net Name=NetP10_6 New Net Name=NetP8_6
Change Net Name : Old Net Name=NetP10_7 New Net Name=NetP8_7
Change Net Name : Old Net Name=NetP10_8 New Net Name=NetP8_8
Change Net Name : Old Net Name=NetP11_1 New Net Name=NetP9_1
Change Net Name : Old Net Name=NetP11_2 New Net Name=NetP9_2
Change Net Name : Old Net Name=NetP11_3 New Net Name=NetP9_3
Change Net Name : Old Net Name=NetP11_4 New Net Name=NetP9_4
Change Net Name : Old Net Name=NetP11_5 New Net Name=NetP9_5
Change Net Name : Old Net Name=NetP11_6 New Net Name=NetP9_6
Change Net Name : Old Net Name=NetP11_7 New Net Name=NetP9_7
Change Net Name : Old Net Name=NetP11_8 New Net Name=NetP9_8
Added Pin To Net: NetName=3V3 Pin=H2-8
Added Pin To Net: NetName=3V3 Pin=H3-1
Added Pin To Net: NetName=3V3 Pin=H5-10
Added Net: Name=3V3
Added Pin To Net: NetName=PA2/TX2 Pin=H3-4
Added Pin To Net: NetName=PA2/TX2 Pin=H6-7
Added Net: Name=PA2/TX2
Added Pin To Net: NetName=PA3/RX2 Pin=H3-3
Added Pin To Net: NetName=PA3/RX2 Pin=H6-8
Added Net: Name=PA3/RX2
Added Pin To Net: NetName=PA9/TX1 Pin=H1-6
Added Pin To Net: NetName=PA9/TX1 Pin=P11-1
Added Net: Name=PA9/TX1
Added Pin To Net: NetName=PA10/RX1 Pin=H1-7
Added Pin To Net: NetName=PA10/RX1 Pin=P11-2
Added Net: Name=PA10/RX1
Added Member To Class: ClassName=schematic_sn74hc595n Member=Component H5 
Added Member To Class: ClassName=schematic_sn74hc595n Member=Component H6 
Added Member To Class: ClassName=schematic_sn74hc595n Member=Component H7 Header 5P 2.54 Duc Thang
Added Member To Class: ClassName=schematic_sn74hc595n Member=Component H8 Header 5P 2.54 Duc Thang
Added Member To Class: ClassName=schematic_sn74hc595n Member=Component H9 Hole
Added Member To Class: ClassName=schematic_sn74hc595n Member=Component H10 Hole
Added Member To Class: ClassName=schematic_sn74hc595n Member=Component H11 Hole
Added Member To Class: ClassName=schematic_sn74hc595n Member=Component H12 Hole
