Change Component Designator: OldDesignator=U4 NewDesignator=U5
Change Component Designator: OldDesignator=U5 NewDesignator=U6
Change Component Designator: OldDesignator=U6 NewDesignator=U7
Change Component Designator: OldDesignator=U7 NewDesignator=U8
Change Component Designator: OldDesignator=U8 NewDesignator=U9
Change Component Designator: OldDesignator=U9 NewDesignator=U10
Added Component: Designator=U4(bluepill)
Add component. Clean all parameters for all variants
Added Pin To Net: NetName=NetU5_14 Pin=U5-14
Added Pin To Net: NetName=NetU5_14 Pin=U7-9
Added Net: Name=NetU5_14
Added Pin To Net: NetName=NetU6_9 Pin=U6-9
Added Pin To Net: NetName=NetU6_9 Pin=U8-14
Added Net: Name=NetU6_9
Added Pin To Net: NetName=NetU7_14 Pin=U7-14
Added Pin To Net: NetName=NetU7_14 Pin=U9-9
Added Net: Name=NetU7_14
Added Pin To Net: NetName=NetU8_9 Pin=U8-9
Added Pin To Net: NetName=NetU8_9 Pin=U10-14
Added Net: Name=NetU8_9
Added Pin To Net: NetName=NetU9_14 Pin=U9-14
Added Pin To Net: NetName=NetU9_14 Pin=U10-9
Added Net: Name=NetU9_14
Added Member To Class: ClassName=schematic_sn74hc595n Member=Component U10 SN74HC595N
Added Room: Name=schematic_sn74hc595n
