Removed Pin From Net: NetName=PA6 Pin=W5-1
Removed Pin From Net: NetName=NetU2_14 Pin=W6-1
Removed Pin From Net: NetName=5V Pin=W7-1
Removed Pin From Net: NetName=PA5 Pin=W8-1
Removed Pin From Net: NetName=PA5 Pin=W9-2
Removed Pin From Net: NetName=5V Pin=W10-2
Removed Pin From Net: NetName=NetU1_9 Pin=W11-1
Removed Pin From Net: NetName=PA6 Pin=W12-2
Removed Pin From Net: NetName=PA6 Pin=W13-1
Removed Pin From Net: NetName=PA6 Pin=W14-1
Removed Pin From Net: NetName=5V Pin=W15-1
Removed Pin From Net: NetName=5V Pin=W16-1
Removed Pin From Net: NetName=PA5 Pin=W17-1
Removed Pin From Net: NetName=PA5 Pin=W18-1
Removed Pin From Net: NetName=NetU4_14 Pin=W19-2
Removed Pin From Net: NetName=NetU3_9 Pin=W20-1
Removed Pin From Net: NetName=PA6 Pin=W21-1
Removed Pin From Net: NetName=PA6 Pin=W22-1
Removed Pin From Net: NetName=5V Pin=W23-1
Removed Pin From Net: NetName=5V Pin=W24-1
Removed Pin From Net: NetName=PA5 Pin=W25-1
Removed Pin From Net: NetName=PA5 Pin=W26-1
Removed Pin From Net: NetName=NetU6_14 Pin=W27-2
Removed Pin From Net: NetName=NetU5_9 Pin=W28-1
Removed Pin From Net: NetName=PA6 Pin=W29-1
Removed Pin From Net: NetName=5V Pin=W31-1
Removed Pin From Net: NetName=PA5 Pin=W33-1
Removed Pin From Net: NetName=NetU8_14 Pin=W35-2
Removed Member From Class: ClassName=schematic_sn74hc595n Member=W5
Removed Member From Class: ClassName=schematic_sn74hc595n Member=W6
Removed Member From Class: ClassName=schematic_sn74hc595n Member=W7
Removed Member From Class: ClassName=schematic_sn74hc595n Member=W8
Removed Member From Class: ClassName=schematic_sn74hc595n Member=W9
Removed Member From Class: ClassName=schematic_sn74hc595n Member=W10
Removed Member From Class: ClassName=schematic_sn74hc595n Member=W11
Removed Member From Class: ClassName=schematic_sn74hc595n Member=W12
Removed Member From Class: ClassName=schematic_sn74hc595n Member=W13
Removed Member From Class: ClassName=schematic_sn74hc595n Member=W14
Removed Member From Class: ClassName=schematic_sn74hc595n Member=W15
Removed Member From Class: ClassName=schematic_sn74hc595n Member=W16
Removed Member From Class: ClassName=schematic_sn74hc595n Member=W17
Removed Member From Class: ClassName=schematic_sn74hc595n Member=W18
Removed Member From Class: ClassName=schematic_sn74hc595n Member=W19
Removed Member From Class: ClassName=schematic_sn74hc595n Member=W20
Removed Member From Class: ClassName=schematic_sn74hc595n Member=W21
Removed Member From Class: ClassName=schematic_sn74hc595n Member=W22
Removed Member From Class: ClassName=schematic_sn74hc595n Member=W23
Removed Member From Class: ClassName=schematic_sn74hc595n Member=W24
Removed Member From Class: ClassName=schematic_sn74hc595n Member=W25
Removed Member From Class: ClassName=schematic_sn74hc595n Member=W26
Removed Member From Class: ClassName=schematic_sn74hc595n Member=W27
Removed Member From Class: ClassName=schematic_sn74hc595n Member=W28
Removed Member From Class: ClassName=schematic_sn74hc595n Member=W29
Removed Member From Class: ClassName=schematic_sn74hc595n Member=W31
Removed Member From Class: ClassName=schematic_sn74hc595n Member=W33
Removed Member From Class: ClassName=schematic_sn74hc595n Member=W35
Added Pin To Net: NetName=5V Pin=U2-10
Added Pin To Net: NetName=PA5 Pin=U2-11
Added Pin To Net: NetName=PA6 Pin=U2-12
Added Pin To Net: NetName=5V Pin=U3-10
Added Pin To Net: NetName=PA5 Pin=U3-11
Added Pin To Net: NetName=PA6 Pin=U3-12
Added Pin To Net: NetName=NetU1_9 Pin=U3-14
Added Pin To Net: NetName=NetU2_14 Pin=U4-9
Added Pin To Net: NetName=5V Pin=U4-10
Added Pin To Net: NetName=PA5 Pin=U4-11
Added Pin To Net: NetName=PA6 Pin=U4-12
Added Pin To Net: NetName=5V Pin=U5-10
Added Pin To Net: NetName=PA5 Pin=U5-11
Added Pin To Net: NetName=PA6 Pin=U5-12
Added Pin To Net: NetName=NetU3_9 Pin=U5-14
Added Pin To Net: NetName=NetU4_14 Pin=U6-9
Added Pin To Net: NetName=5V Pin=U6-10
Added Pin To Net: NetName=PA5 Pin=U6-11
Added Pin To Net: NetName=PA6 Pin=U6-12
Added Pin To Net: NetName=5V Pin=U7-10
Added Pin To Net: NetName=PA5 Pin=U7-11
Added Pin To Net: NetName=PA6 Pin=U7-12
Added Pin To Net: NetName=NetU5_9 Pin=U7-14
Added Pin To Net: NetName=NetU6_14 Pin=U8-9
Added Pin To Net: NetName=5V Pin=U8-10
Added Pin To Net: NetName=PA5 Pin=U8-11
Added Pin To Net: NetName=PA6 Pin=U8-12
Added Pin To Net: NetName=NetU8_14 Pin=U9-9
